build 2/app/intermediates/manifest_merge_blame_file/debug/manifest-merger-blame-debug-report.txt
1<?xml version="1.0" encoding="utf-8"?>
2<manifest xmlns:android="http://schemas.android.com/apk/res/android"
3    package="com.aptm.ethicaldigit"
4    android:versionCode="1"
5    android:versionName="1.0.0" >
6
7    <uses-sdk
8        android:minSdkVersion="21"
9        android:targetSdkVersion="33" />
10    <!--
11         The INTERNET permission is required for development. Specifically,
12         the Flutter tool needs it to communicate with the running application
13         to allow setting breakpoints, to provide hot reload, etc.
14    -->
15    <uses-permission android:name="android.permission.INTERNET" />
15-->src/main/AndroidManifest.xml:4:5-67
15-->src/main/AndroidManifest.xml:4:22-64
16    <uses-permission android:name="android.permission.WAKE_LOCK" />
16-->[:firebase_messaging] AndroidManifest.xml:10:5-68
16-->[:firebase_messaging] AndroidManifest.xml:10:22-65
17    <uses-permission android:name="android.permission.ACCESS_NETWORK_STATE" /> <!-- Permissions options for the `notification` group -->
17-->[:firebase_messaging] AndroidManifest.xml:11:5-79
17-->[:firebase_messaging] AndroidManifest.xml:11:22-76
18    <uses-permission android:name="android.permission.POST_NOTIFICATIONS" />
18-->[:firebase_messaging] AndroidManifest.xml:13:5-77
18-->[:firebase_messaging] AndroidManifest.xml:13:22-74
19
20    <queries>
20-->[:flutter_inappwebview] AndroidManifest.xml:9:5-13:15
21        <intent>
21-->[:flutter_inappwebview] AndroidManifest.xml:10:9-12:18
22            <action android:name="android.support.customtabs.action.CustomTabsService" />
22-->[:flutter_inappwebview] AndroidManifest.xml:11:13-90
22-->[:flutter_inappwebview] AndroidManifest.xml:11:21-87
23        </intent>
24
25        <package android:name="com.facebook.katana" />
25-->[com.facebook.android:facebook-common:16.0.1] AndroidManifest.xml:18:9-55
25-->[com.facebook.android:facebook-common:16.0.1] AndroidManifest.xml:18:18-52
26
27        <intent>
27-->[androidx.media2:media2-session:1.2.0] AndroidManifest.xml:25:9-27:18
28            <action android:name="android.media.browse.MediaBrowserService" />
28-->[androidx.media2:media2-session:1.2.0] AndroidManifest.xml:26:13-79
28-->[androidx.media2:media2-session:1.2.0] AndroidManifest.xml:26:21-76
29        </intent>
30        <intent>
30-->[androidx.media2:media2-session:1.2.0] AndroidManifest.xml:28:9-30:18
31            <action android:name="androidx.media2.session.MediaSessionService" />
31-->[androidx.media2:media2-session:1.2.0] AndroidManifest.xml:29:13-82
31-->[androidx.media2:media2-session:1.2.0] AndroidManifest.xml:29:21-79
32        </intent>
33        <intent>
33-->[androidx.media2:media2-session:1.2.0] AndroidManifest.xml:31:9-33:18
34            <action android:name="androidx.media2.session.MediaLibraryService" />
34-->[androidx.media2:media2-session:1.2.0] AndroidManifest.xml:32:13-82
34-->[androidx.media2:media2-session:1.2.0] AndroidManifest.xml:32:21-79
35        </intent>
36    </queries> <!-- Required by older versions of Google Play services to create IID tokens -->
37    <uses-permission android:name="com.google.android.c2dm.permission.RECEIVE" />
37-->[com.google.firebase:firebase-messaging:23.1.2] AndroidManifest.xml:28:5-82
37-->[com.google.firebase:firebase-messaging:23.1.2] AndroidManifest.xml:28:22-79
38    <uses-permission android:name="com.google.android.gms.permission.AD_ID" />
38-->[com.facebook.android:facebook-core:16.0.1] AndroidManifest.xml:16:5-79
38-->[com.facebook.android:facebook-core:16.0.1] AndroidManifest.xml:16:22-76
39    <uses-permission android:name="com.google.android.finsky.permission.BIND_GET_INSTALL_REFERRER_SERVICE" />
39-->[com.android.installreferrer:installreferrer:1.0] AndroidManifest.xml:9:5-110
39-->[com.android.installreferrer:installreferrer:1.0] AndroidManifest.xml:9:22-107
40
41    <application
42        android:name="io.flutter.app.FlutterMultiDexApplication"
43        android:appComponentFactory="androidx.core.app.CoreComponentFactory"
43-->[androidx.core:core:1.8.0] AndroidManifest.xml:24:18-86
44        android:debuggable="true"
45        android:icon="@mipmap/launcher_icon"
46        android:label="aptm"
47        android:supportsRtl="true" >
47-->[com.facebook.android:facebook-login:16.0.1] AndroidManifest.xml:16:18-44
48
49        <!-- Facebook login -->
50        <!-- <meta-data android:name="com.facebook.sdk.ApplicationId" android:value="@string/facebook_app_id"/> -->
51        <meta-data
52            android:name="com.facebook.sdk.ClientToken"
53            android:value="@string/facebook_client_token" />
54        <meta-data
55            android:name="com.facebook.sdk.ApplicationId"
56            android:value="@string/facebook_app_id" />
57
58        <activity
59            android:name="com.facebook.FacebookActivity"
60            android:configChanges="keyboard|keyboardHidden|screenLayout|screenSize|orientation"
61            android:label="@string/app_name"
62            android:theme="@style/com_facebook_activity_theme" />
62-->[com.facebook.android:facebook-common:16.0.1] AndroidManifest.xml:25:13-63
63        <activity
64            android:name="com.facebook.CustomTabActivity"
65            android:exported="true" >
66            <intent-filter>
67                <action android:name="android.intent.action.VIEW" />
67-->[com.google.firebase:firebase-auth:22.0.0] AndroidManifest.xml:36:17-69
67-->[com.google.firebase:firebase-auth:22.0.0] AndroidManifest.xml:36:25-66
68
69                <category android:name="android.intent.category.DEFAULT" />
69-->[com.google.firebase:firebase-auth:22.0.0] AndroidManifest.xml:38:17-76
69-->[com.google.firebase:firebase-auth:22.0.0] AndroidManifest.xml:38:27-73
70                <category android:name="android.intent.category.BROWSABLE" />
70-->[com.google.firebase:firebase-auth:22.0.0] AndroidManifest.xml:39:17-78
70-->[com.google.firebase:firebase-auth:22.0.0] AndroidManifest.xml:39:27-75
71
72                <data android:scheme="@string/fb_login_protocol_scheme" />
72-->[com.google.firebase:firebase-auth:22.0.0] AndroidManifest.xml:41:17-44:51
72-->[com.google.firebase:firebase-auth:22.0.0] AndroidManifest.xml:44:21-48
73            </intent-filter>
74            <intent-filter>
74-->[com.facebook.android:facebook-common:16.0.1] AndroidManifest.xml:31:13-40:29
75                <action android:name="android.intent.action.VIEW" />
75-->[com.google.firebase:firebase-auth:22.0.0] AndroidManifest.xml:36:17-69
75-->[com.google.firebase:firebase-auth:22.0.0] AndroidManifest.xml:36:25-66
76
77                <category android:name="android.intent.category.DEFAULT" />
77-->[com.google.firebase:firebase-auth:22.0.0] AndroidManifest.xml:38:17-76
77-->[com.google.firebase:firebase-auth:22.0.0] AndroidManifest.xml:38:27-73
78                <category android:name="android.intent.category.BROWSABLE" />
78-->[com.google.firebase:firebase-auth:22.0.0] AndroidManifest.xml:39:17-78
78-->[com.google.firebase:firebase-auth:22.0.0] AndroidManifest.xml:39:27-75
79
80                <data
80-->[com.google.firebase:firebase-auth:22.0.0] AndroidManifest.xml:41:17-44:51
81                    android:host="cct.com.aptm.ethicaldigit"
81-->[com.google.firebase:firebase-auth:22.0.0] AndroidManifest.xml:42:21-49
82                    android:scheme="fbconnect" />
82-->[com.google.firebase:firebase-auth:22.0.0] AndroidManifest.xml:44:21-48
83            </intent-filter>
84        </activity>
85        <activity
86            android:name="com.aptm.ethicaldigit.MainActivity"
87            android:configChanges="orientation|keyboardHidden|keyboard|screenSize|smallestScreenSize|locale|layoutDirection|fontScale|screenLayout|density|uiMode"
88            android:exported="true"
89            android:hardwareAccelerated="true"
90            android:launchMode="singleTop"
91            android:theme="@style/LaunchTheme"
92            android:windowSoftInputMode="adjustResize" >
93
94            <!--
95                 Specifies an Android theme to apply to this Activity as soon as
96                 the Android process has started. This theme is visible to the user
97                 while the Flutter UI initializes. After that, this theme continues
98                 to determine the Window background behind the Flutter UI.
99            -->
100            <meta-data
101                android:name="io.flutter.embedding.android.NormalTheme"
102                android:resource="@style/NormalTheme" />
103
104            <intent-filter>
105                <action android:name="android.intent.action.MAIN" />
106
107                <category android:name="android.intent.category.LAUNCHER" />
108            </intent-filter>
109        </activity>
110        <!--
111             Don't delete the meta-data below.
112             This is used by the Flutter tool to generate GeneratedPluginRegistrant.java
113        -->
114        <meta-data
115            android:name="flutterEmbedding"
116            android:value="2" />
117
118        <service
118-->[:firebase_auth] AndroidManifest.xml:10:9-14:19
119            android:name="com.google.firebase.components.ComponentDiscoveryService"
119-->[:firebase_auth] AndroidManifest.xml:10:18-89
120            android:directBootAware="true"
120-->[com.google.firebase:firebase-common:20.3.2] AndroidManifest.xml:34:13-43
121            android:exported="false" >
121-->[com.google.firebase:firebase-auth:22.0.0] AndroidManifest.xml:68:13-37
122            <meta-data
122-->[:firebase_auth] AndroidManifest.xml:11:13-13:85
123                android:name="com.google.firebase.components:io.flutter.plugins.firebase.auth.FlutterFirebaseAuthRegistrar"
123-->[:firebase_auth] AndroidManifest.xml:12:17-124
124                android:value="com.google.firebase.components.ComponentRegistrar" />
124-->[:firebase_auth] AndroidManifest.xml:13:17-82
125            <meta-data
125-->[:firebase_messaging] AndroidManifest.xml:38:13-40:85
126                android:name="com.google.firebase.components:io.flutter.plugins.firebase.messaging.FlutterFirebaseAppRegistrar"
126-->[:firebase_messaging] AndroidManifest.xml:39:17-128
127                android:value="com.google.firebase.components.ComponentRegistrar" />
127-->[:firebase_messaging] AndroidManifest.xml:40:17-82
128            <meta-data
128-->[:firebase_core] AndroidManifest.xml:11:13-13:85
129                android:name="com.google.firebase.components:io.flutter.plugins.firebase.core.FlutterFirebaseCoreRegistrar"
129-->[:firebase_core] AndroidManifest.xml:12:17-124
130                android:value="com.google.firebase.components.ComponentRegistrar" />
130-->[:firebase_core] AndroidManifest.xml:13:17-82
131            <meta-data
131-->[com.google.firebase:firebase-auth:22.0.0] AndroidManifest.xml:69:13-71:85
132                android:name="com.google.firebase.components:com.google.firebase.auth.FirebaseAuthRegistrar"
132-->[com.google.firebase:firebase-auth:22.0.0] AndroidManifest.xml:70:17-109
133                android:value="com.google.firebase.components.ComponentRegistrar" />
133-->[com.google.firebase:firebase-auth:22.0.0] AndroidManifest.xml:71:17-82
134            <meta-data
134-->[com.google.firebase:firebase-messaging:23.1.2] AndroidManifest.xml:55:13-57:85
135                android:name="com.google.firebase.components:com.google.firebase.messaging.FirebaseMessagingRegistrar"
135-->[com.google.firebase:firebase-messaging:23.1.2] AndroidManifest.xml:56:17-119
136                android:value="com.google.firebase.components.ComponentRegistrar" />
136-->[com.google.firebase:firebase-messaging:23.1.2] AndroidManifest.xml:57:17-82
137            <meta-data
137-->[com.google.firebase:firebase-iid:21.1.0] AndroidManifest.xml:32:13-34:85
138                android:name="com.google.firebase.components:com.google.firebase.iid.Registrar"
138-->[com.google.firebase:firebase-iid:21.1.0] AndroidManifest.xml:33:17-96
139                android:value="com.google.firebase.components.ComponentRegistrar" />
139-->[com.google.firebase:firebase-iid:21.1.0] AndroidManifest.xml:34:17-82
140            <meta-data
140-->[com.google.firebase:firebase-installations:17.1.3] AndroidManifest.xml:17:13-19:85
141                android:name="com.google.firebase.components:com.google.firebase.installations.FirebaseInstallationsRegistrar"
141-->[com.google.firebase:firebase-installations:17.1.3] AndroidManifest.xml:18:17-127
142                android:value="com.google.firebase.components.ComponentRegistrar" />
142-->[com.google.firebase:firebase-installations:17.1.3] AndroidManifest.xml:19:17-82
143            <meta-data
143-->[com.google.firebase:firebase-datatransport:18.1.7] AndroidManifest.xml:27:13-29:85
144                android:name="com.google.firebase.components:com.google.firebase.datatransport.TransportRegistrar"
144-->[com.google.firebase:firebase-datatransport:18.1.7] AndroidManifest.xml:28:17-115
145                android:value="com.google.firebase.components.ComponentRegistrar" />
145-->[com.google.firebase:firebase-datatransport:18.1.7] AndroidManifest.xml:29:17-82
146        </service>
147        <service
147-->[:firebase_messaging] AndroidManifest.xml:16:9-19:72
148            android:name="io.flutter.plugins.firebase.messaging.FlutterFirebaseMessagingBackgroundService"
148-->[:firebase_messaging] AndroidManifest.xml:17:13-107
149            android:exported="false"
149-->[:firebase_messaging] AndroidManifest.xml:18:13-37
150            android:permission="android.permission.BIND_JOB_SERVICE" />
150-->[:firebase_messaging] AndroidManifest.xml:19:13-69
151        <service
151-->[:firebase_messaging] AndroidManifest.xml:20:9-26:19
152            android:name="io.flutter.plugins.firebase.messaging.FlutterFirebaseMessagingService"
152-->[:firebase_messaging] AndroidManifest.xml:21:13-97
153            android:exported="false" >
153-->[:firebase_messaging] AndroidManifest.xml:22:13-37
154            <intent-filter>
154-->[:firebase_messaging] AndroidManifest.xml:23:13-25:29
155                <action android:name="com.google.firebase.MESSAGING_EVENT" />
155-->[:firebase_messaging] AndroidManifest.xml:24:17-78
155-->[:firebase_messaging] AndroidManifest.xml:24:25-75
156            </intent-filter>
157        </service>
158
159        <receiver
159-->[:firebase_messaging] AndroidManifest.xml:28:9-35:20
160            android:name="io.flutter.plugins.firebase.messaging.FlutterFirebaseMessagingReceiver"
160-->[:firebase_messaging] AndroidManifest.xml:29:13-98
161            android:exported="true"
161-->[:firebase_messaging] AndroidManifest.xml:30:13-36
162            android:permission="com.google.android.c2dm.permission.SEND" >
162-->[:firebase_messaging] AndroidManifest.xml:31:13-73
163            <intent-filter>
163-->[:firebase_messaging] AndroidManifest.xml:32:13-34:29
164                <action android:name="com.google.android.c2dm.intent.RECEIVE" />
164-->[:firebase_messaging] AndroidManifest.xml:33:17-81
164-->[:firebase_messaging] AndroidManifest.xml:33:25-78
165            </intent-filter>
166        </receiver>
167
168        <provider
168-->[:firebase_messaging] AndroidManifest.xml:43:9-47:38
169            android:name="io.flutter.plugins.firebase.messaging.FlutterFirebaseMessagingInitProvider"
169-->[:firebase_messaging] AndroidManifest.xml:44:13-102
170            android:authorities="com.aptm.ethicaldigit.flutterfirebasemessaginginitprovider"
170-->[:firebase_messaging] AndroidManifest.xml:45:13-88
171            android:exported="false"
171-->[:firebase_messaging] AndroidManifest.xml:46:13-37
172            android:initOrder="99" />
172-->[:firebase_messaging] AndroidManifest.xml:47:13-35
173
174        <activity
174-->[:url_launcher_android] AndroidManifest.xml:10:9-13:74
175            android:name="io.flutter.plugins.urllauncher.WebViewActivity"
175-->[:url_launcher_android] AndroidManifest.xml:11:13-74
176            android:exported="false"
176-->[:url_launcher_android] AndroidManifest.xml:12:13-37
177            android:theme="@android:style/Theme.NoTitleBar.Fullscreen" />
177-->[:url_launcher_android] AndroidManifest.xml:13:13-71
178        <activity
178-->[:flutter_inappwebview] AndroidManifest.xml:16:9-20:47
179            android:name="com.pichillilorenzo.flutter_inappwebview.in_app_browser.InAppBrowserActivity"
179-->[:flutter_inappwebview] AndroidManifest.xml:17:13-104
180            android:configChanges="orientation|keyboardHidden|keyboard|screenSize|locale|layoutDirection|fontScale|screenLayout|density"
180-->[:flutter_inappwebview] AndroidManifest.xml:18:13-137
181            android:exported="false"
181-->[:flutter_inappwebview] AndroidManifest.xml:19:13-37
182            android:theme="@style/AppTheme" />
182-->[:flutter_inappwebview] AndroidManifest.xml:20:13-44
183        <activity
183-->[:flutter_inappwebview] AndroidManifest.xml:21:9-24:55
184            android:name="com.pichillilorenzo.flutter_inappwebview.chrome_custom_tabs.ChromeCustomTabsActivity"
184-->[:flutter_inappwebview] AndroidManifest.xml:22:13-112
185            android:exported="false"
185-->[:flutter_inappwebview] AndroidManifest.xml:23:13-37
186            android:theme="@style/ThemeTransparent" />
186-->[:flutter_inappwebview] AndroidManifest.xml:24:13-52
187        <activity
187-->[:flutter_inappwebview] AndroidManifest.xml:25:9-28:55
188            android:name="com.pichillilorenzo.flutter_inappwebview.chrome_custom_tabs.TrustedWebActivity"
188-->[:flutter_inappwebview] AndroidManifest.xml:26:13-106
189            android:exported="false"
189-->[:flutter_inappwebview] AndroidManifest.xml:27:13-37
190            android:theme="@style/ThemeTransparent" />
190-->[:flutter_inappwebview] AndroidManifest.xml:28:13-52
191        <activity
191-->[:flutter_inappwebview] AndroidManifest.xml:29:9-33:55
192            android:name="com.pichillilorenzo.flutter_inappwebview.chrome_custom_tabs.ChromeCustomTabsActivitySingleInstance"
192-->[:flutter_inappwebview] AndroidManifest.xml:30:13-126
193            android:exported="false"
193-->[:flutter_inappwebview] AndroidManifest.xml:31:13-37
194            android:launchMode="singleInstance"
194-->[:flutter_inappwebview] AndroidManifest.xml:32:13-48
195            android:theme="@style/ThemeTransparent" />
195-->[:flutter_inappwebview] AndroidManifest.xml:33:13-52
196        <activity
196-->[:flutter_inappwebview] AndroidManifest.xml:34:9-38:55
197            android:name="com.pichillilorenzo.flutter_inappwebview.chrome_custom_tabs.TrustedWebActivitySingleInstance"
197-->[:flutter_inappwebview] AndroidManifest.xml:35:13-120
198            android:exported="false"
198-->[:flutter_inappwebview] AndroidManifest.xml:36:13-37
199            android:launchMode="singleInstance"
199-->[:flutter_inappwebview] AndroidManifest.xml:37:13-48
200            android:theme="@style/ThemeTransparent" />
200-->[:flutter_inappwebview] AndroidManifest.xml:38:13-52
201
202        <receiver
202-->[:flutter_inappwebview] AndroidManifest.xml:40:9-43:40
203            android:name="com.pichillilorenzo.flutter_inappwebview.chrome_custom_tabs.ActionBroadcastReceiver"
203-->[:flutter_inappwebview] AndroidManifest.xml:41:13-111
204            android:enabled="true"
204-->[:flutter_inappwebview] AndroidManifest.xml:42:13-35
205            android:exported="false" />
205-->[:flutter_inappwebview] AndroidManifest.xml:43:13-37
206
207        <meta-data
207-->[:flutter_inappwebview] AndroidManifest.xml:45:9-47:36
208            android:name="io.flutter.embedded_views_preview"
208-->[:flutter_inappwebview] AndroidManifest.xml:46:13-61
209            android:value="true" />
209-->[:flutter_inappwebview] AndroidManifest.xml:47:13-33
210
211        <activity
211-->[com.google.firebase:firebase-auth:22.0.0] AndroidManifest.xml:29:9-46:20
212            android:name="com.google.firebase.auth.internal.GenericIdpActivity"
212-->[com.google.firebase:firebase-auth:22.0.0] AndroidManifest.xml:30:13-80
213            android:excludeFromRecents="true"
213-->[com.google.firebase:firebase-auth:22.0.0] AndroidManifest.xml:31:13-46
214            android:exported="true"
214-->[com.google.firebase:firebase-auth:22.0.0] AndroidManifest.xml:32:13-36
215            android:launchMode="singleTask"
215-->[com.google.firebase:firebase-auth:22.0.0] AndroidManifest.xml:33:13-44
216            android:theme="@android:style/Theme.Translucent.NoTitleBar" >
216-->[com.google.firebase:firebase-auth:22.0.0] AndroidManifest.xml:34:13-72
217            <intent-filter>
217-->[com.google.firebase:firebase-auth:22.0.0] AndroidManifest.xml:35:13-45:29
218                <action android:name="android.intent.action.VIEW" />
218-->[com.google.firebase:firebase-auth:22.0.0] AndroidManifest.xml:36:17-69
218-->[com.google.firebase:firebase-auth:22.0.0] AndroidManifest.xml:36:25-66
219
220                <category android:name="android.intent.category.DEFAULT" />
220-->[com.google.firebase:firebase-auth:22.0.0] AndroidManifest.xml:38:17-76
220-->[com.google.firebase:firebase-auth:22.0.0] AndroidManifest.xml:38:27-73
221                <category android:name="android.intent.category.BROWSABLE" />
221-->[com.google.firebase:firebase-auth:22.0.0] AndroidManifest.xml:39:17-78
221-->[com.google.firebase:firebase-auth:22.0.0] AndroidManifest.xml:39:27-75
222
223                <data
223-->[com.google.firebase:firebase-auth:22.0.0] AndroidManifest.xml:41:17-44:51
224                    android:host="firebase.auth"
224-->[com.google.firebase:firebase-auth:22.0.0] AndroidManifest.xml:42:21-49
225                    android:path="/"
225-->[com.google.firebase:firebase-auth:22.0.0] AndroidManifest.xml:43:21-37
226                    android:scheme="genericidp" />
226-->[com.google.firebase:firebase-auth:22.0.0] AndroidManifest.xml:44:21-48
227            </intent-filter>
228        </activity>
229        <activity
229-->[com.google.firebase:firebase-auth:22.0.0] AndroidManifest.xml:47:9-64:20
230            android:name="com.google.firebase.auth.internal.RecaptchaActivity"
230-->[com.google.firebase:firebase-auth:22.0.0] AndroidManifest.xml:48:13-79
231            android:excludeFromRecents="true"
231-->[com.google.firebase:firebase-auth:22.0.0] AndroidManifest.xml:49:13-46
232            android:exported="true"
232-->[com.google.firebase:firebase-auth:22.0.0] AndroidManifest.xml:50:13-36
233            android:launchMode="singleTask"
233-->[com.google.firebase:firebase-auth:22.0.0] AndroidManifest.xml:51:13-44
234            android:theme="@android:style/Theme.Translucent.NoTitleBar" >
234-->[com.google.firebase:firebase-auth:22.0.0] AndroidManifest.xml:52:13-72
235            <intent-filter>
235-->[com.google.firebase:firebase-auth:22.0.0] AndroidManifest.xml:53:13-63:29
236                <action android:name="android.intent.action.VIEW" />
236-->[com.google.firebase:firebase-auth:22.0.0] AndroidManifest.xml:36:17-69
236-->[com.google.firebase:firebase-auth:22.0.0] AndroidManifest.xml:36:25-66
237
238                <category android:name="android.intent.category.DEFAULT" />
238-->[com.google.firebase:firebase-auth:22.0.0] AndroidManifest.xml:38:17-76
238-->[com.google.firebase:firebase-auth:22.0.0] AndroidManifest.xml:38:27-73
239                <category android:name="android.intent.category.BROWSABLE" />
239-->[com.google.firebase:firebase-auth:22.0.0] AndroidManifest.xml:39:17-78
239-->[com.google.firebase:firebase-auth:22.0.0] AndroidManifest.xml:39:27-75
240
241                <data
241-->[com.google.firebase:firebase-auth:22.0.0] AndroidManifest.xml:41:17-44:51
242                    android:host="firebase.auth"
242-->[com.google.firebase:firebase-auth:22.0.0] AndroidManifest.xml:42:21-49
243                    android:path="/"
243-->[com.google.firebase:firebase-auth:22.0.0] AndroidManifest.xml:43:21-37
244                    android:scheme="recaptcha" />
244-->[com.google.firebase:firebase-auth:22.0.0] AndroidManifest.xml:44:21-48
245            </intent-filter>
246        </activity>
247
248        <uses-library
248-->[androidx.window:window:1.0.0-beta04] AndroidManifest.xml:25:9-27:40
249            android:name="androidx.window.extensions"
249-->[androidx.window:window:1.0.0-beta04] AndroidManifest.xml:26:13-54
250            android:required="false" />
250-->[androidx.window:window:1.0.0-beta04] AndroidManifest.xml:27:13-37
251        <uses-library
251-->[androidx.window:window:1.0.0-beta04] AndroidManifest.xml:28:9-30:40
252            android:name="androidx.window.sidecar"
252-->[androidx.window:window:1.0.0-beta04] AndroidManifest.xml:29:13-51
253            android:required="false" />
253-->[androidx.window:window:1.0.0-beta04] AndroidManifest.xml:30:13-37
254
255        <activity
255-->[com.google.android.gms:play-services-auth:20.5.0] AndroidManifest.xml:23:9-27:75
256            android:name="com.google.android.gms.auth.api.signin.internal.SignInHubActivity"
256-->[com.google.android.gms:play-services-auth:20.5.0] AndroidManifest.xml:24:13-93
257            android:excludeFromRecents="true"
257-->[com.google.android.gms:play-services-auth:20.5.0] AndroidManifest.xml:25:13-46
258            android:exported="false"
258-->[com.google.android.gms:play-services-auth:20.5.0] AndroidManifest.xml:26:13-37
259            android:theme="@android:style/Theme.Translucent.NoTitleBar" />
259-->[com.google.android.gms:play-services-auth:20.5.0] AndroidManifest.xml:27:13-72
260        <!--
261            Service handling Google Sign-In user revocation. For apps that do not integrate with
262            Google Sign-In, this service will never be started.
263        -->
264        <service
264-->[com.google.android.gms:play-services-auth:20.5.0] AndroidManifest.xml:33:9-37:51
265            android:name="com.google.android.gms.auth.api.signin.RevocationBoundService"
265-->[com.google.android.gms:play-services-auth:20.5.0] AndroidManifest.xml:34:13-89
266            android:exported="true"
266-->[com.google.android.gms:play-services-auth:20.5.0] AndroidManifest.xml:35:13-36
267            android:permission="com.google.android.gms.auth.api.signin.permission.REVOCATION_NOTIFICATION"
267-->[com.google.android.gms:play-services-auth:20.5.0] AndroidManifest.xml:36:13-107
268            android:visibleToInstantApps="true" />
268-->[com.google.android.gms:play-services-auth:20.5.0] AndroidManifest.xml:37:13-48
269
270        <activity android:name="com.facebook.CustomTabMainActivity" />
270-->[com.facebook.android:facebook-common:16.0.1] AndroidManifest.xml:26:9-71
270-->[com.facebook.android:facebook-common:16.0.1] AndroidManifest.xml:26:19-68
271
272        <receiver
272-->[com.google.firebase:firebase-messaging:23.1.2] AndroidManifest.xml:31:9-38:20
273            android:name="com.google.firebase.iid.FirebaseInstanceIdReceiver"
273-->[com.google.firebase:firebase-messaging:23.1.2] AndroidManifest.xml:32:13-78
274            android:exported="true"
274-->[com.google.firebase:firebase-messaging:23.1.2] AndroidManifest.xml:33:13-36
275            android:permission="com.google.android.c2dm.permission.SEND" >
275-->[com.google.firebase:firebase-messaging:23.1.2] AndroidManifest.xml:34:13-73
276            <intent-filter>
276-->[:firebase_messaging] AndroidManifest.xml:32:13-34:29
277                <action android:name="com.google.android.c2dm.intent.RECEIVE" />
277-->[:firebase_messaging] AndroidManifest.xml:33:17-81
277-->[:firebase_messaging] AndroidManifest.xml:33:25-78
278            </intent-filter>
279        </receiver>
280        <!--
281             FirebaseMessagingService performs security checks at runtime,
282             but set to not exported to explicitly avoid allowing another app to call it.
283        -->
284        <service
284-->[com.google.firebase:firebase-messaging:23.1.2] AndroidManifest.xml:44:9-51:19
285            android:name="com.google.firebase.messaging.FirebaseMessagingService"
285-->[com.google.firebase:firebase-messaging:23.1.2] AndroidManifest.xml:45:13-82
286            android:directBootAware="true"
286-->[com.google.firebase:firebase-messaging:23.1.2] AndroidManifest.xml:46:13-43
287            android:exported="false" >
287-->[com.google.firebase:firebase-messaging:23.1.2] AndroidManifest.xml:47:13-37
288            <intent-filter android:priority="-500" >
288-->[:firebase_messaging] AndroidManifest.xml:23:13-25:29
289                <action android:name="com.google.firebase.MESSAGING_EVENT" />
289-->[:firebase_messaging] AndroidManifest.xml:24:17-78
289-->[:firebase_messaging] AndroidManifest.xml:24:25-75
290            </intent-filter>
291        </service>
292
293        <activity
293-->[com.google.android.gms:play-services-base:18.0.1] AndroidManifest.xml:20:9-22:45
294            android:name="com.google.android.gms.common.api.GoogleApiActivity"
294-->[com.google.android.gms:play-services-base:18.0.1] AndroidManifest.xml:20:19-85
295            android:exported="false"
295-->[com.google.android.gms:play-services-base:18.0.1] AndroidManifest.xml:22:19-43
296            android:theme="@android:style/Theme.Translucent.NoTitleBar" />
296-->[com.google.android.gms:play-services-base:18.0.1] AndroidManifest.xml:21:19-78
297
298        <provider
298-->[com.google.firebase:firebase-common:20.3.2] AndroidManifest.xml:25:9-30:39
299            android:name="com.google.firebase.provider.FirebaseInitProvider"
299-->[com.google.firebase:firebase-common:20.3.2] AndroidManifest.xml:26:13-77
300            android:authorities="com.aptm.ethicaldigit.firebaseinitprovider"
300-->[com.google.firebase:firebase-common:20.3.2] AndroidManifest.xml:27:13-72
301            android:directBootAware="true"
301-->[com.google.firebase:firebase-common:20.3.2] AndroidManifest.xml:28:13-43
302            android:exported="false"
302-->[com.google.firebase:firebase-common:20.3.2] AndroidManifest.xml:29:13-37
303            android:initOrder="100" />
303-->[com.google.firebase:firebase-common:20.3.2] AndroidManifest.xml:30:13-36
304
305        <meta-data